GymGameApp/Library/Bee/Android/Prj/IL2CPP/Gradle/launcher/build/intermediates/manifest_merge_blame_file/release/processReleaseMainManifest/manifest-merger-blame-release-report.txt
1<?xml version="1.0" encoding="utf-8"?>
2<manifest xmlns:android="http://schemas.android.com/apk/res/android"
3    package="com.company.retrogym"
4    android:installLocation="preferExternal"
5    android:versionCode="1"
6    android:versionName="1.0" >
7
8    <uses-sdk
9        android:minSdkVersion="25"
10        android:targetSdkVersion="36" />
11
12    <supports-screens
12-->src\main\AndroidManifest.xml:4:3-163
13        android:anyDensity="true"
13-->src\main\AndroidManifest.xml:4:135-160
14        android:largeScreens="true"
14-->src\main\AndroidManifest.xml:4:78-105
15        android:normalScreens="true"
15-->src\main\AndroidManifest.xml:4:49-77
16        android:smallScreens="true"
16-->src\main\AndroidManifest.xml:4:21-48
17        android:xlargeScreens="true" />
17-->src\main\AndroidManifest.xml:4:106-134
18
19    <uses-permission android:name="android.permission.INTERNET" />
19-->[:unityLibrary] AndroidManifest.xml:10:5-67
19-->[:unityLibrary] AndroidManifest.xml:10:22-64
20
21    <uses-feature android:glEsVersion="0x00030000" />
21-->[:unityLibrary] AndroidManifest.xml:12:5-54
21-->[:unityLibrary] AndroidManifest.xml:12:19-51
22    <uses-feature
22-->[:unityLibrary] AndroidManifest.xml:13:5-15:36
23        android:name="android.hardware.vulkan.version"
23-->[:unityLibrary] AndroidManifest.xml:14:9-55
24        android:required="false" />
24-->[:unityLibrary] AndroidManifest.xml:15:9-33
25    <uses-feature
25-->[:unityLibrary] AndroidManifest.xml:16:5-18:36
26        android:name="android.hardware.touchscreen"
26-->[:unityLibrary] AndroidManifest.xml:17:9-52
27        android:required="false" />
27-->[:unityLibrary] AndroidManifest.xml:18:9-33
28    <uses-feature
28-->[:unityLibrary] AndroidManifest.xml:19:5-21:36
29        android:name="android.hardware.touchscreen.multitouch"
29-->[:unityLibrary] AndroidManifest.xml:20:9-63
30        android:required="false" />
30-->[:unityLibrary] AndroidManifest.xml:21:9-33
31    <uses-feature
31-->[:unityLibrary] AndroidManifest.xml:22:5-24:36
32        android:name="android.hardware.touchscreen.multitouch.distinct"
32-->[:unityLibrary] AndroidManifest.xml:23:9-72
33        android:required="false" /> <!-- Although the *SdkVersion is captured in gradle build files, this is required for non gradle builds -->
33-->[:unityLibrary] AndroidManifest.xml:24:9-33
34    <!-- <uses-sdk android:minSdkVersion="21"/> -->
35    <uses-permission android:name="android.permission.ACCESS_NETWORK_STATE" />
35-->[com.google.firebase:firebase-database:22.0.1] AndroidManifest.xml:22:5-79
35-->[com.google.firebase:firebase-database:22.0.1] AndroidManifest.xml:22:22-76
36    <uses-permission android:name="android.permission.POST_NOTIFICATIONS" />
36-->[com.google.firebase:firebase-messaging:25.0.1] AndroidManifest.xml:23:5-77
36-->[com.google.firebase:firebase-messaging:25.0.1] AndroidManifest.xml:23:22-74
37    <uses-permission android:name="android.permission.WAKE_LOCK" /> <!-- Required by older versions of Google Play services to create IID tokens -->
37-->[com.google.firebase:firebase-messaging:25.0.1] AndroidManifest.xml:24:5-68
37-->[com.google.firebase:firebase-messaging:25.0.1] AndroidManifest.xml:24:22-65
38    <uses-permission android:name="com.google.android.c2dm.permission.RECEIVE" />
38-->[com.google.firebase:firebase-messaging:25.0.1] AndroidManifest.xml:26:5-82
38-->[com.google.firebase:firebase-messaging:25.0.1] AndroidManifest.xml:26:22-79
39    <uses-permission android:name="com.google.android.finsky.permission.BIND_GET_INSTALL_REFERRER_SERVICE" />
39-->[com.google.android.gms:play-services-measurement:23.0.0] AndroidManifest.xml:26:5-110
39-->[com.google.android.gms:play-services-measurement:23.0.0] AndroidManifest.xml:26:22-107
40    <uses-permission android:name="com.google.android.gms.permission.AD_ID" />
40-->[com.google.android.gms:play-services-measurement-impl:23.0.0] AndroidManifest.xml:27:5-79
40-->[com.google.android.gms:play-services-measurement-impl:23.0.0] AndroidManifest.xml:27:22-76
41    <uses-permission android:name="android.permission.ACCESS_ADSERVICES_ATTRIBUTION" />
41-->[com.google.android.gms:play-services-measurement-api:23.0.0] AndroidManifest.xml:26:5-88
41-->[com.google.android.gms:play-services-measurement-api:23.0.0] AndroidManifest.xml:26:22-85
42    <uses-permission android:name="android.permission.ACCESS_ADSERVICES_AD_ID" />
42-->[com.google.android.gms:play-services-measurement-api:23.0.0] AndroidManifest.xml:27:5-82
42-->[com.google.android.gms:play-services-measurement-api:23.0.0] AndroidManifest.xml:27:22-79
43
44    <permission
44-->[com.google.firebase:firebase-messaging-unity:13.9.0] AndroidManifest.xml:11:3-13:45
45        android:name="com.company.retrogym.permission.C2D_MESSAGE"
45-->[com.google.firebase:firebase-messaging-unity:13.9.0] AndroidManifest.xml:12:7-61
46        android:protectionLevel="signature" />
46-->[com.google.firebase:firebase-messaging-unity:13.9.0] AndroidManifest.xml:13:7-42
47
48    <uses-permission android:name="com.company.retrogym.permission.C2D_MESSAGE" />
48-->[com.google.firebase:firebase-messaging-unity:13.9.0] AndroidManifest.xml:14:3-15:64
48-->[com.google.firebase:firebase-messaging-unity:13.9.0] AndroidManifest.xml:15:7-61
49    <uses-permission android:name="com.google.android.providers.gsf.permission.READ_GSERVICES" />
49-->[com.google.android.recaptcha:recaptcha:18.6.1] AndroidManifest.xml:9:5-98
49-->[com.google.android.recaptcha:recaptcha:18.6.1] AndroidManifest.xml:9:22-95
50
51    <permission
51-->[androidx.core:core:1.9.0] AndroidManifest.xml:22:5-24:47
52        android:name="com.company.retrogym.DYNAMIC_RECEIVER_NOT_EXPORTED_PERMISSION"
52-->[androidx.core:core:1.9.0] AndroidManifest.xml:23:9-81
53        android:protectionLevel="signature" />
53-->[androidx.core:core:1.9.0] AndroidManifest.xml:24:9-44
54
55    <uses-permission android:name="com.company.retrogym.DYNAMIC_RECEIVER_NOT_EXPORTED_PERMISSION" />
55-->[androidx.core:core:1.9.0] AndroidManifest.xml:26:5-97
55-->[androidx.core:core:1.9.0] AndroidManifest.xml:26:22-94
56
57    <application
57-->src\main\AndroidManifest.xml:3:3-83
58        android:appCategory="game"
58-->[:unityLibrary] AndroidManifest.xml:27:9-35
59        android:appComponentFactory="androidx.core.app.CoreComponentFactory"
59-->[androidx.core:core:1.9.0] AndroidManifest.xml:28:18-86
60        android:enableOnBackInvokedCallback="false"
60-->[:unityLibrary] AndroidManifest.xml:28:9-52
61        android:extractNativeLibs="true"
62        android:icon="@mipmap/app_icon"
62-->src\main\AndroidManifest.xml:3:16-47
63        android:label="@string/app_name" >
63-->src\main\AndroidManifest.xml:3:48-80
64        <service
64-->[:unityLibrary] AndroidManifest.xml:32:9-35:72
65            android:name="com.google.firebase.messaging.MessageForwardingService"
65-->[:unityLibrary] AndroidManifest.xml:33:13-82
66            android:exported="true"
66-->[:unityLibrary] AndroidManifest.xml:34:13-36
67            android:permission="android.permission.BIND_JOB_SERVICE" />
67-->[:unityLibrary] AndroidManifest.xml:35:13-69
68
69        <meta-data
69-->[:unityLibrary] AndroidManifest.xml:37:9-39:33
70            android:name="unity.splash-mode"
70-->[:unityLibrary] AndroidManifest.xml:38:13-45
71            android:value="0" />
71-->[:unityLibrary] AndroidManifest.xml:39:13-30
72        <meta-data
72-->[:unityLibrary] AndroidManifest.xml:40:9-42:36
73            android:name="unity.splash-enable"
73-->[:unityLibrary] AndroidManifest.xml:41:13-47
74            android:value="True" />
74-->[:unityLibrary] AndroidManifest.xml:42:13-33
75        <meta-data
75-->[:unityLibrary] AndroidManifest.xml:43:9-45:36
76            android:name="unity.launch-fullscreen"
76-->[:unityLibrary] AndroidManifest.xml:44:13-51
77            android:value="True" />
77-->[:unityLibrary] AndroidManifest.xml:45:13-33
78        <meta-data
78-->[:unityLibrary] AndroidManifest.xml:46:9-48:36
79            android:name="unity.render-outside-safearea"
79-->[:unityLibrary] AndroidManifest.xml:47:13-57
80            android:value="True" />
80-->[:unityLibrary] AndroidManifest.xml:48:13-33
81        <meta-data
81-->[:unityLibrary] AndroidManifest.xml:49:9-51:50
82            android:name="notch.config"
82-->[:unityLibrary] AndroidManifest.xml:50:13-40
83            android:value="portrait|landscape" />
83-->[:unityLibrary] AndroidManifest.xml:51:13-47
84        <meta-data
84-->[:unityLibrary] AndroidManifest.xml:52:9-54:36
85            android:name="unity.auto-report-fully-drawn"
85-->[:unityLibrary] AndroidManifest.xml:53:13-57
86            android:value="true" />
86-->[:unityLibrary] AndroidManifest.xml:54:13-33
87        <meta-data
87-->[:unityLibrary] AndroidManifest.xml:55:9-57:36
88            android:name="unity.strip-engine-code"
88-->[:unityLibrary] AndroidManifest.xml:56:13-51
89            android:value="true" />
89-->[:unityLibrary] AndroidManifest.xml:57:13-33
90        <meta-data
90-->[:unityLibrary] AndroidManifest.xml:58:9-60:36
91            android:name="unity.auto-set-game-state"
91-->[:unityLibrary] AndroidManifest.xml:59:13-53
92            android:value="true" />
92-->[:unityLibrary] AndroidManifest.xml:60:13-33
93
94        <activity
94-->[:unityLibrary] AndroidManifest.xml:62:9-93:20
95            android:name="com.google.firebase.MessagingUnityPlayerActivity"
95-->[:unityLibrary] AndroidManifest.xml:63:13-76
96            android:configChanges="mcc|mnc|locale|touchscreen|keyboard|keyboardHidden|navigation|orientation|screenLayout|uiMode|screenSize|smallestScreenSize|fontScale|layoutDirection|density"
96-->[:unityLibrary] AndroidManifest.xml:64:13-194
97            android:exported="true"
97-->[:unityLibrary] AndroidManifest.xml:65:13-36
98            android:hardwareAccelerated="false"
98-->[:unityLibrary] AndroidManifest.xml:66:13-48
99            android:launchMode="singleTask"
99-->[:unityLibrary] AndroidManifest.xml:67:13-44
100            android:resizeableActivity="true"
100-->[:unityLibrary] AndroidManifest.xml:68:13-46
101            android:screenOrientation="userLandscape"
101-->[:unityLibrary] AndroidManifest.xml:69:13-54
102            android:theme="@style/BaseUnityGameActivityTheme" >
102-->[:unityLibrary] AndroidManifest.xml:70:13-62
103            <intent-filter>
103-->[:unityLibrary] AndroidManifest.xml:71:13-75:29
104                <category android:name="android.intent.category.LAUNCHER" />
104-->[:unityLibrary] AndroidManifest.xml:72:17-77
104-->[:unityLibrary] AndroidManifest.xml:72:27-74
105
106                <action android:name="android.intent.action.MAIN" />
106-->[:unityLibrary] AndroidManifest.xml:74:17-69
106-->[:unityLibrary] AndroidManifest.xml:74:25-66
107            </intent-filter>
108
109            <meta-data
109-->[:unityLibrary] AndroidManifest.xml:77:13-79:40
110                android:name="unityplayer.UnityActivity"
110-->[:unityLibrary] AndroidManifest.xml:78:17-57
111                android:value="true" />
111-->[:unityLibrary] AndroidManifest.xml:79:17-37
112            <meta-data
112-->[:unityLibrary] AndroidManifest.xml:80:13-82:71
113                android:name="WindowManagerPreference:FreeformWindowSize"
113-->[:unityLibrary] AndroidManifest.xml:81:17-74
114                android:value="@string/FreeformWindowSize_maximize" />
114-->[:unityLibrary] AndroidManifest.xml:82:17-68
115            <meta-data
115-->[:unityLibrary] AndroidManifest.xml:83:13-85:79
116                android:name="WindowManagerPreference:FreeformWindowOrientation"
116-->[:unityLibrary] AndroidManifest.xml:84:17-81
117                android:value="@string/FreeformWindowOrientation_landscape" />
117-->[:unityLibrary] AndroidManifest.xml:85:17-76
118            <meta-data
118-->[:unityLibrary] AndroidManifest.xml:86:13-88:40
119                android:name="notch_support"
119-->[:unityLibrary] AndroidManifest.xml:87:17-45
120                android:value="true" />
120-->[:unityLibrary] AndroidManifest.xml:88:17-37
121
122            <layout
122-->[:unityLibrary] AndroidManifest.xml:90:13-92:44
123                android:minHeight="300px"
123-->[:unityLibrary] AndroidManifest.xml:91:17-42
124                android:minWidth="400px" />
124-->[:unityLibrary] AndroidManifest.xml:92:17-41
125        </activity>
126
127        <service
127-->[com.google.firebase:firebase-database:22.0.1] AndroidManifest.xml:26:9-35:19
128            android:name="com.google.firebase.components.ComponentDiscoveryService"
128-->[com.google.firebase:firebase-database:22.0.1] AndroidManifest.xml:27:13-84
129            android:directBootAware="true"
129-->[com.google.firebase:firebase-common:22.0.1] AndroidManifest.xml:32:13-43
130            android:exported="false" >
130-->[com.google.firebase:firebase-database:22.0.1] AndroidManifest.xml:28:13-37
131            <meta-data
131-->[com.google.firebase:firebase-database:22.0.1] AndroidManifest.xml:29:13-31:85
132                android:name="com.google.firebase.components:com.google.firebase.database.FirebaseDatabaseKtxRegistrar"
132-->[com.google.firebase:firebase-database:22.0.1] AndroidManifest.xml:30:17-120
133                android:value="com.google.firebase.components.ComponentRegistrar" />
133-->[com.google.firebase:firebase-database:22.0.1] AndroidManifest.xml:31:17-82
134            <meta-data
134-->[com.google.firebase:firebase-database:22.0.1] AndroidManifest.xml:32:13-34:85
135                android:name="com.google.firebase.components:com.google.firebase.database.DatabaseRegistrar"
135-->[com.google.firebase:firebase-database:22.0.1] AndroidManifest.xml:33:17-109
136                android:value="com.google.firebase.components.ComponentRegistrar" />
136-->[com.google.firebase:firebase-database:22.0.1] AndroidManifest.xml:34:17-82
137            <meta-data
137-->[com.google.firebase:firebase-firestore:26.1.1] AndroidManifest.xml:17:13-19:85
138                android:name="com.google.firebase.components:com.google.firebase.firestore.FirebaseFirestoreKtxRegistrar"
138-->[com.google.firebase:firebase-firestore:26.1.1] AndroidManifest.xml:18:17-122
139                android:value="com.google.firebase.components.ComponentRegistrar" />
139-->[com.google.firebase:firebase-firestore:26.1.1] AndroidManifest.xml:19:17-82
140            <meta-data
140-->[com.google.firebase:firebase-firestore:26.1.1] AndroidManifest.xml:20:13-22:85
141                android:name="com.google.firebase.components:com.google.firebase.firestore.FirestoreRegistrar"
141-->[com.google.firebase:firebase-firestore:26.1.1] AndroidManifest.xml:21:17-111
142                android:value="com.google.firebase.components.ComponentRegistrar" />
142-->[com.google.firebase:firebase-firestore:26.1.1] AndroidManifest.xml:22:17-82
143            <meta-data
143-->[com.google.firebase:firebase-messaging:25.0.1] AndroidManifest.xml:57:13-59:85
144                android:name="com.google.firebase.components:com.google.firebase.messaging.FirebaseMessagingKtxRegistrar"
144-->[com.google.firebase:firebase-messaging:25.0.1] AndroidManifest.xml:58:17-122
145                android:value="com.google.firebase.components.ComponentRegistrar" />
145-->[com.google.firebase:firebase-messaging:25.0.1] AndroidManifest.xml:59:17-82
146            <meta-data
146-->[com.google.firebase:firebase-messaging:25.0.1] AndroidManifest.xml:60:13-62:85
147                android:name="com.google.firebase.components:com.google.firebase.messaging.FirebaseMessagingRegistrar"
147-->[com.google.firebase:firebase-messaging:25.0.1] AndroidManifest.xml:61:17-119
148                android:value="com.google.firebase.components.ComponentRegistrar" />
148-->[com.google.firebase:firebase-messaging:25.0.1] AndroidManifest.xml:62:17-82
149            <meta-data
149-->[com.google.firebase:firebase-storage:22.0.1] AndroidManifest.xml:30:13-32:85
150                android:name="com.google.firebase.components:com.google.firebase.storage.FirebaseStorageKtxRegistrar"
150-->[com.google.firebase:firebase-storage:22.0.1] AndroidManifest.xml:31:17-118
151                android:value="com.google.firebase.components.ComponentRegistrar" />
151-->[com.google.firebase:firebase-storage:22.0.1] AndroidManifest.xml:32:17-82
152            <meta-data
152-->[com.google.firebase:firebase-storage:22.0.1] AndroidManifest.xml:33:13-35:85
153                android:name="com.google.firebase.components:com.google.firebase.storage.StorageRegistrar"
153-->[com.google.firebase:firebase-storage:22.0.1] AndroidManifest.xml:34:17-107
154                android:value="com.google.firebase.components.ComponentRegistrar" />
154-->[com.google.firebase:firebase-storage:22.0.1] AndroidManifest.xml:35:17-82
155            <meta-data
155-->[com.google.firebase:firebase-auth:24.0.1] AndroidManifest.xml:69:13-71:85
156                android:name="com.google.firebase.components:com.google.firebase.auth.FirebaseAuthRegistrar"
156-->[com.google.firebase:firebase-auth:24.0.1] AndroidManifest.xml:70:17-109
157                android:value="com.google.firebase.components.ComponentRegistrar" />
157-->[com.google.firebase:firebase-auth:24.0.1] AndroidManifest.xml:71:17-82
158            <meta-data
158-->[com.google.firebase:firebase-appcheck:18.0.0] AndroidManifest.xml:25:13-27:85
159                android:name="com.google.firebase.components:com.google.firebase.appcheck.FirebaseAppCheckKtxRegistrar"
159-->[com.google.firebase:firebase-appcheck:18.0.0] AndroidManifest.xml:26:17-120
160                android:value="com.google.firebase.components.ComponentRegistrar" />
160-->[com.google.firebase:firebase-appcheck:18.0.0] AndroidManifest.xml:27:17-82
161            <meta-data
161-->[com.google.firebase:firebase-appcheck:18.0.0] AndroidManifest.xml:28:13-30:85
162                android:name="com.google.firebase.components:com.google.firebase.appcheck.FirebaseAppCheckRegistrar"
162-->[com.google.firebase:firebase-appcheck:18.0.0] AndroidManifest.xml:29:17-117
163                android:value="com.google.firebase.components.ComponentRegistrar" />
163-->[com.google.firebase:firebase-appcheck:18.0.0] AndroidManifest.xml:30:17-82
164            <meta-data
164-->[com.google.firebase:firebase-config:23.0.1] AndroidManifest.xml:29:13-31:85
165                android:name="com.google.firebase.components:com.google.firebase.remoteconfig.FirebaseRemoteConfigKtxRegistrar"
165-->[com.google.firebase:firebase-config:23.0.1] AndroidManifest.xml:30:17-128
166                android:value="com.google.firebase.components.ComponentRegistrar" />
166-->[com.google.firebase:firebase-config:23.0.1] AndroidManifest.xml:31:17-82
167            <meta-data
167-->[com.google.firebase:firebase-config:23.0.1] AndroidManifest.xml:32:13-34:85
168                android:name="com.google.firebase.components:com.google.firebase.remoteconfig.RemoteConfigRegistrar"
168-->[com.google.firebase:firebase-config:23.0.1] AndroidManifest.xml:33:17-117
169                android:value="com.google.firebase.components.ComponentRegistrar" />
169-->[com.google.firebase:firebase-config:23.0.1] AndroidManifest.xml:34:17-82
170            <meta-data
170-->[com.google.firebase:firebase-crashlytics-ndk:20.0.4] AndroidManifest.xml:32:13-34:85
171                android:name="com.google.firebase.components:com.google.firebase.crashlytics.ndk.CrashlyticsNdkRegistrar"
171-->[com.google.firebase:firebase-crashlytics-ndk:20.0.4] AndroidManifest.xml:33:17-122
172                android:value="com.google.firebase.components.ComponentRegistrar" />
172-->[com.google.firebase:firebase-crashlytics-ndk:20.0.4] AndroidManifest.xml:34:17-82
173            <meta-data
173-->[com.google.firebase:firebase-iid:21.1.0] AndroidManifest.xml:32:13-34:85
174                android:name="com.google.firebase.components:com.google.firebase.iid.Registrar"
174-->[com.google.firebase:firebase-iid:21.1.0] AndroidManifest.xml:33:17-96
175                android:value="com.google.firebase.components.ComponentRegistrar" />
175-->[com.google.firebase:firebase-iid:21.1.0] AndroidManifest.xml:34:17-82
176            <meta-data
176-->[com.google.android.gms:play-services-measurement-api:23.0.0] AndroidManifest.xml:33:13-35:85
177                android:name="com.google.firebase.components:com.google.firebase.analytics.connector.internal.AnalyticsConnectorRegistrar"
177-->[com.google.android.gms:play-services-measurement-api:23.0.0] AndroidManifest.xml:34:17-139
178                android:value="com.google.firebase.components.ComponentRegistrar" />
178-->[com.google.android.gms:play-services-measurement-api:23.0.0] AndroidManifest.xml:35:17-82
179            <meta-data
179-->[com.google.firebase:firebase-crashlytics:20.0.4] AndroidManifest.xml:15:13-17:85
180                android:name="com.google.firebase.components:com.google.firebase.crashlytics.FirebaseCrashlyticsKtxRegistrar"
180-->[com.google.firebase:firebase-crashlytics:20.0.4] AndroidManifest.xml:16:17-126
181                android:value="com.google.firebase.components.ComponentRegistrar" />
181-->[com.google.firebase:firebase-crashlytics:20.0.4] AndroidManifest.xml:17:17-82
182            <meta-data
182-->[com.google.firebase:firebase-crashlytics:20.0.4] AndroidManifest.xml:18:13-20:85
183                android:name="com.google.firebase.components:com.google.firebase.crashlytics.CrashlyticsRegistrar"
183-->[com.google.firebase:firebase-crashlytics:20.0.4] AndroidManifest.xml:19:17-115
184                android:value="com.google.firebase.components.ComponentRegistrar" />
184-->[com.google.firebase:firebase-crashlytics:20.0.4] AndroidManifest.xml:20:17-82
185            <meta-data
185-->[com.google.firebase:firebase-sessions:3.0.4] AndroidManifest.xml:29:13-31:85
186                android:name="com.google.firebase.components:com.google.firebase.sessions.FirebaseSessionsRegistrar"
186-->[com.google.firebase:firebase-sessions:3.0.4] AndroidManifest.xml:30:17-117
187                android:value="com.google.firebase.components.ComponentRegistrar" />
187-->[com.google.firebase:firebase-sessions:3.0.4] AndroidManifest.xml:31:17-82
188            <meta-data
188-->[com.google.firebase:firebase-installations:18.0.0] AndroidManifest.xml:15:13-17:85
189                android:name="com.google.firebase.components:com.google.firebase.installations.FirebaseInstallationsKtxRegistrar"
189-->[com.google.firebase:firebase-installations:18.0.0] AndroidManifest.xml:16:17-130
190                android:value="com.google.firebase.components.ComponentRegistrar" />
190-->[com.google.firebase:firebase-installations:18.0.0] AndroidManifest.xml:17:17-82
191            <meta-data
191-->[com.google.firebase:firebase-installations:18.0.0] AndroidManifest.xml:18:13-20:85
192                android:name="com.google.firebase.components:com.google.firebase.installations.FirebaseInstallationsRegistrar"
192-->[com.google.firebase:firebase-installations:18.0.0] AndroidManifest.xml:19:17-127
193                android:value="com.google.firebase.components.ComponentRegistrar" />
193-->[com.google.firebase:firebase-installations:18.0.0] AndroidManifest.xml:20:17-82
194            <meta-data
194-->[com.google.firebase:firebase-common-ktx:21.0.0] AndroidManifest.xml:12:13-14:85
195                android:name="com.google.firebase.components:com.google.firebase.ktx.FirebaseCommonLegacyRegistrar"
195-->[com.google.firebase:firebase-common-ktx:21.0.0] AndroidManifest.xml:13:17-116
196                android:value="com.google.firebase.components.ComponentRegistrar" />
196-->[com.google.firebase:firebase-common-ktx:21.0.0] AndroidManifest.xml:14:17-82
197            <meta-data
197-->[com.google.firebase:firebase-common:22.0.1] AndroidManifest.xml:35:13-37:85
198                android:name="com.google.firebase.components:com.google.firebase.FirebaseCommonKtxRegistrar"
198-->[com.google.firebase:firebase-common:22.0.1] AndroidManifest.xml:36:17-109
199                android:value="com.google.firebase.components.ComponentRegistrar" />
199-->[com.google.firebase:firebase-common:22.0.1] AndroidManifest.xml:37:17-82
200            <meta-data
200-->[com.google.firebase:firebase-abt:21.1.1] AndroidManifest.xml:12:13-14:85
201                android:name="com.google.firebase.components:com.google.firebase.abt.component.AbtRegistrar"
201-->[com.google.firebase:firebase-abt:21.1.1] AndroidManifest.xml:13:17-109
202                android:value="com.google.firebase.components.ComponentRegistrar" />
202-->[com.google.firebase:firebase-abt:21.1.1] AndroidManifest.xml:14:17-82
203            <meta-data
203-->[com.google.firebase:firebase-datatransport:19.0.0] AndroidManifest.xml:25:13-27:85
204                android:name="com.google.firebase.components:com.google.firebase.datatransport.TransportRegistrar"
204-->[com.google.firebase:firebase-datatransport:19.0.0] AndroidManifest.xml:26:17-115
205                android:value="com.google.firebase.components.ComponentRegistrar" />
205-->[com.google.firebase:firebase-datatransport:19.0.0] AndroidManifest.xml:27:17-82
206        </service>
207
208        <receiver
208-->[com.google.firebase:firebase-messaging:25.0.1] AndroidManifest.xml:29:9-40:20
209            android:name="com.google.firebase.iid.FirebaseInstanceIdReceiver"
209-->[com.google.firebase:firebase-messaging:25.0.1] AndroidManifest.xml:30:13-78
210            android:exported="true"
210-->[com.google.firebase:firebase-messaging:25.0.1] AndroidManifest.xml:31:13-36
211            android:permission="com.google.android.c2dm.permission.SEND" >
211-->[com.google.firebase:firebase-messaging:25.0.1] AndroidManifest.xml:32:13-73
212            <intent-filter>
212-->[com.google.firebase:firebase-messaging:25.0.1] AndroidManifest.xml:33:13-35:29
213                <action android:name="com.google.android.c2dm.intent.RECEIVE" />
213-->[com.google.firebase:firebase-messaging:25.0.1] AndroidManifest.xml:34:17-81
213-->[com.google.firebase:firebase-messaging:25.0.1] AndroidManifest.xml:34:25-78
214            </intent-filter>
215
216            <meta-data
216-->[com.google.firebase:firebase-messaging:25.0.1] AndroidManifest.xml:37:13-39:40
217                android:name="com.google.android.gms.cloudmessaging.FINISHED_AFTER_HANDLED"
217-->[com.google.firebase:firebase-messaging:25.0.1] AndroidManifest.xml:38:17-92
218                android:value="true" />
218-->[com.google.firebase:firebase-messaging:25.0.1] AndroidManifest.xml:39:17-37
219        </receiver>
220        <!--
221             FirebaseMessagingService performs security checks at runtime,
222             but set to not exported to explicitly avoid allowing another app to call it.
223        -->
224        <service
224-->[com.google.firebase:firebase-messaging:25.0.1] AndroidManifest.xml:46:9-53:19
225            android:name="com.google.firebase.messaging.FirebaseMessagingService"
225-->[com.google.firebase:firebase-messaging:25.0.1] AndroidManifest.xml:47:13-82
226            android:directBootAware="true"
226-->[com.google.firebase:firebase-messaging:25.0.1] AndroidManifest.xml:48:13-43
227            android:exported="false" >
227-->[com.google.firebase:firebase-messaging:25.0.1] AndroidManifest.xml:49:13-37
228            <intent-filter android:priority="-500" >
228-->[com.google.firebase:firebase-messaging:25.0.1] AndroidManifest.xml:50:13-52:29
228-->[com.google.firebase:firebase-messaging:25.0.1] AndroidManifest.xml:50:28-51
229                <action android:name="com.google.firebase.MESSAGING_EVENT" />
229-->[com.google.firebase:firebase-messaging:25.0.1] AndroidManifest.xml:51:17-78
229-->[com.google.firebase:firebase-messaging:25.0.1] AndroidManifest.xml:51:25-75
230            </intent-filter>
231        </service>
232
233        <activity
233-->[com.google.firebase:firebase-auth:24.0.1] AndroidManifest.xml:29:9-46:20
234            android:name="com.google.firebase.auth.internal.GenericIdpActivity"
234-->[com.google.firebase:firebase-auth:24.0.1] AndroidManifest.xml:30:13-80
235            android:excludeFromRecents="true"
235-->[com.google.firebase:firebase-auth:24.0.1] AndroidManifest.xml:31:13-46
236            android:exported="true"
236-->[com.google.firebase:firebase-auth:24.0.1] AndroidManifest.xml:32:13-36
237            android:launchMode="singleTask"
237-->[com.google.firebase:firebase-auth:24.0.1] AndroidManifest.xml:33:13-44
238            android:theme="@android:style/Theme.Translucent.NoTitleBar" >
238-->[com.google.firebase:firebase-auth:24.0.1] AndroidManifest.xml:34:13-72
239            <intent-filter>
239-->[com.google.firebase:firebase-auth:24.0.1] AndroidManifest.xml:35:13-45:29
240                <action android:name="android.intent.action.VIEW" />
240-->[com.google.firebase:firebase-auth:24.0.1] AndroidManifest.xml:36:17-69
240-->[com.google.firebase:firebase-auth:24.0.1] AndroidManifest.xml:36:25-66
241
242                <category android:name="android.intent.category.DEFAULT" />
242-->[com.google.firebase:firebase-auth:24.0.1] AndroidManifest.xml:38:17-76
242-->[com.google.firebase:firebase-auth:24.0.1] AndroidManifest.xml:38:27-73
243                <category android:name="android.intent.category.BROWSABLE" />
243-->[com.google.firebase:firebase-auth:24.0.1] AndroidManifest.xml:39:17-78
243-->[com.google.firebase:firebase-auth:24.0.1] AndroidManifest.xml:39:27-75
244
245                <data
245-->[com.google.firebase:firebase-auth:24.0.1] AndroidManifest.xml:41:17-44:51
246                    android:host="firebase.auth"
246-->[com.google.firebase:firebase-auth:24.0.1] AndroidManifest.xml:42:21-49
247                    android:path="/"
247-->[com.google.firebase:firebase-auth:24.0.1] AndroidManifest.xml:43:21-37
248                    android:scheme="genericidp" />
248-->[com.google.firebase:firebase-auth:24.0.1] AndroidManifest.xml:44:21-48
249            </intent-filter>
250        </activity>
251        <activity
251-->[com.google.firebase:firebase-auth:24.0.1] AndroidManifest.xml:47:9-64:20